 ---------
****
   0.168333E+23   0.706686E-01   0.109568E-01   0.211866E-01   0.106491E-01   0.101462E-01  -0.448695E+00   0.245972E+00   0.488214E+00   0.741415E+00   0.100285E+01   0.122748E+01      1225
   0.205000E+23   0.136406E-03   0.140988E-03   0.150820E-03   0.402125E-03   0.355090E-03   0.125113E+00  -0.447611E-01   0.125201E+01  -0.433196E+00   0.943012E+00   0.637096E+00      2500
   0.241667E+23   0.117988E-03   0.101282E-03   0.130029E-03   0.227793E-03   0.112616E-03  -0.999100E-01   0.457474E+00  -0.173809E+00   0.134731E+01   0.948400E+00  -0.862447E+00      2000
   0.278333E+23   0.147088E-03   0.159038E-03   0.102545E-03   0.241648E-03   0.154803E-03  -0.999100E-01   0.235575E+00   0.144433E+00  -0.448289E+00   0.105563E+01  -0.141346E+01      2000
   0.315000E+23   0.166552E-03   0.260516E-03   0.406266E-04   0.105581E-03   0.203074E-03   0.125113E+00   0.226173E+00   0.624698E+00   0.391268E+00  -0.435556E+00  -0.129457E+01      2500
   0.351667E+23   0.919477E-04   0.529201E-04   0.231518E-03   0.426168E-03   0.385204E-03  -0.999100E-01   0.302957E+00   0.112735E+01  -0.992938E-01   0.456759E+00   0.556185E+00      2000
   0.388333E+23   0.191998E-03   0.171638E-03   0.182199E-03   0.283552E-03   0.330850E-03   0.125113E+00   0.149559E+00   0.531252E+00   0.188825E+00   0.107038E+01   0.102509E+01      2500
   0.425000E+23   0.146633E-03   0.154342E-03   0.108375E-03   0.246211E-03   0.166648E-03  -0.999100E-01   0.158979E+00  -0.131487E-01   0.242563E+00   0.689027E+00   0.126978E+01      2000
   0.461667E+23   0.188351E-03   0.132416E-03   0.440634E-03   0.133011E-03   0.257331E-03   0.125113E+00  -0.661917E-01   0.343375E-01  -0.129132E+01   0.138851E+01   0.147275E+01      2500
   0.498333E+23   0.166910E-03   0.164766E-03   0.314576E-03   0.167045E-03   0.167070E-03  -0.999100E-01   0.178043E+00   0.353800E+00   0.107222E+01   0.811854E+00   0.106765E+01      2000
   0.535000E+23   0.188993E-03   0.229568E-03   0.304013E-03   0.217132E-03   0.192754E-03   0.125113E+00   0.147457E+00   0.454316E+00   0.730640E+00   0.190502E+00   0.100441E+01      2500
   0.571667E+23   0.167374E-03   0.167993E-03   0.861893E-04   0.156867E-03   0.161668E-03  -0.999100E-01   0.484181E-01   0.941497E-01  -0.151192E+01   0.910079E-01   0.341022E-01      2000
   0.608333E+23   0.154905E-03   0.129540E-03   0.195224E-03   0.202883E-03   0.291577E-03  -0.999100E-01   0.271228E+00   0.364619E+00   0.444963E-01   0.217485E+00   0.517802E+00      2000
   0.645000E+23   0.209199E-03   0.210197E-03   0.296211E-03   0.191078E-03   0.187526E-03   0.125113E+00   0.413897E-03  -0.161045E-01  -0.137379E+01  -0.631669E-02  -0.123702E+00      2500
   0.681667E+23   0.142111E-03   0.882242E-04   0.468535E-03   0.242691E-03   0.400958E-03  -0.999100E-01  -0.864678E-01   0.294524E+00  -0.967689E+00   0.115712E+01   0.993289E+00      2000
   0.718333E+23   0.197440E-03   0.166978E-03   0.419795E-03   0.954161E-04   0.118859E-03   0.125113E+00  -0.682247E-01  -0.553674E-01   0.127020E+01   0.353933E+00   0.702606E+00      2500
   0.755000E+23   0.169200E-03   0.174613E-03   0.375116E-03   0.199744E-03   0.221924E-03  -0.999100E-01   0.111078E-01   0.949899E-02   0.109435E+01   0.130804E+00   0.132268E+00      2000
   0.791667E+23   0.170916E-03   0.178236E-03   0.158592E-03   0.238691E-03   0.219128E-03   0.125113E+00   0.181100E+00   0.368497E+00   0.880363E+00  -0.294524E+00   0.683783E+00      2500
   0.828333E+23   0.144193E-03   0.174930E-03   0.209456E-03   0.140839E-03   0.769264E-04  -0.999100E-01  -0.585942E-01  -0.357766E+00   0.985601E-01   0.340809E+00  -0.138639E+01      2000
   0.865000E+23   0.265836E-03   0.258016E-03   0.530736E-03   0.314002E-03   0.460332E-03   0.125563E+00   0.293680E+00   0.404412E+00   0.959981E+00   0.141083E+01   0.142409E+01      2501
   0.901667E+23   0.154352E-03   0.129556E-03   0.302345E-03   0.223753E-03   0.325282E-03  -0.999100E-01   0.186256E-01   0.247348E+00  -0.134748E-01   0.849847E+00   0.829550E+00      2000
   0.938333E+23   0.154998E-03   0.130965E-03   0.135199E-03   0.209121E-03   0.302792E-03  -0.999100E-01   0.135306E+00   0.457828E+00   0.111060E+01   0.139647E+01   0.150903E+01      2000
   0.975000E+23   0.208123E-03   0.204052E-03   0.322359E-03   0.200411E-03   0.194558E-03   0.125113E+00  -0.624083E-01  -0.130529E+00  -0.367919E+00  -0.339729E+00  -0.472515E+00      2500
   0.101167E+24   0.169605E-03   0.176448E-03   0.168447E-03   0.208582E-03   0.249903E-03  -0.999100E-01  -0.490874E-01  -0.981748E-01  -0.147262E+00  -0.196350E+00  -0.245437E+00      2000
   0.104833E+24   0.212143E-03   0.221686E-03   0.792603E-04   0.252336E-03   0.296969E-03   0.125113E+00   0.589357E-01   0.118254E+00  -0.226010E-01   0.230729E+00   0.284951E+00      2500
   0.108500E+24   0.169040E-03   0.173838E-03   0.183011E-03   0.192551E-03   0.198009E-03  -0.999100E-01   0.159622E+00   0.320132E+00   0.368508E+00   0.634109E+00   0.795593E+00      2000
   0.112167E+24   0.211709E-03   0.219160E-03   0.269508E-03   0.253151E-03   0.286917E-03   0.125113E+00   0.253174E+00   0.510619E+00   0.176815E+00   0.977464E+00   0.122421E+01      2500
   0.115833E+24   0.169353E-03   0.175236E-03   0.341595E-03   0.202403E-03   0.226336E-03  -0.999100E-01  -0.185066E+00  -0.381040E+00   0.443921E+00  -0.663298E+00  -0.854466E+00      2000
   0.119500E+24   0.211733E-03   0.219336E-03   0.255626E-03   0.252269E-03   0.285768E-03   0.125113E+00  -0.100204E+00  -0.195784E+00  -0.923041E+00  -0.431390E+00  -0.525250E+00      2500
   0.123167E+24   0.169341E-03   0.175126E-03   0.196627E-03   0.202435E-03   0.226543E-03  -0.999100E-01  -0.184213E-01  -0.370915E-01  -0.164559E-03  -0.682696E-01  -0.797838E-01      2000
   0.126833E+24   0.168746E-03   0.171401E-03   0.469035E-03   0.210504E-03   0.230260E-03  -0.999100E-01   0.490874E-01   0.981748E-01   0.147262E+00   0.196350E+00   0.245437E+00      2000
   0.130500E+24   0.211753E-03   0.219288E-03   0.269542E-03   0.254770E-03   0.289287E-03   0.125113E+00   0.119903E+00   0.235857E+00   0.854223E+00   0.505603E+00   0.619001E+00      2500
   0.134167E+24   0.169367E-03   0.175236E-03   0.196099E-03   0.202883E-03   0.227357E-03  -0.999100E-01   0.190268E+00   0.381040E+00   0.520504E+00   0.760081E+00   0.953930E+00      2000
   0.137833E+24   0.205712E-03   0.193981E-03   0.421127E-03   0.158479E-03   0.123941E-03   0.125113E+00   0.416898E-01   0.788489E-01   0.828279E+00   0.322726E+00   0.523771E+00      2500
   0.141500E+24   0.169370E-03   0.175340E-03   0.176088E-03   0.201486E-03   0.225555E-03  -0.999100E-01  -0.214724E+00  -0.429078E+00  -0.700838E+00  -0.861943E+00  -0.107826E+01      2000
   0.145167E+24   0.211769E-03   0.219376E-03   0.276074E-03   0.254791E-03   0.289465E-03   0.125113E+00  -0.159122E+00  -0.313717E+00  -0.104453E+01  -0.667743E+00  -0.823592E+00      2500
   0.148833E+24   0.169367E-03   0.175236E-03   0.196099E-03   0.202883E-03   0.227357E-03  -0.999100E-01  -0.104257E+00  -0.208009E+00  -0.363069E+00  -0.418016E+00  -0.518692E+00      2000
   0.152500E+24   0.211324E-03   0.216813E-03   0.377720E-03   0.254964E-03   0.278541E-03   0.125113E+00  -0.490874E-01  -0.981748E-01  -0.147262E+00  -0.196350E+00  -0.245437E+00      2500
   0.156167E+24   0.169367E-03   0.175236E-03   0.196099E-03   0.202883E-03   0.227357E-03  -0.999100E-01   0.608201E-02   0.116595E-01   0.685451E-01   0.253172E-01   0.278182E-01      2000
   0.159833E+24   0.169981E-03   0.179046E-03   0.777580E-04   0.195132E-03   0.224278E-03  -0.999100E-01   0.490874E-01   0.981748E-01   0.147262E+00   0.196350E+00   0.245437E+00      2000
   0.163500E+24   0.211776E-03   0.219336E-03   0.290051E-03   0.256111E-03   0.291292E-03   0.125113E+00   0.961462E-01   0.196915E+00  -0.250180E+00   0.354589E+00   0.457150E+00      2500
   0.167167E+24   0.169367E-03   0.175236E-03   0.196099E-03   0.202883E-03   0.227357E-03  -0.999100E-01   0.141180E+00   0.282865E+00   0.373241E+00   0.563731E+00   0.708493E+00      2000
